app/build/intermediates/manifest_merge_blame_file/debug/manifest-merger-blame-debug-report.txt
1<?xml version="1.0" encoding="utf-8"?>
2<manifest xmlns:android="http://schemas.android.com/apk/res/android"
3    package="com.nilscreation.ecommerce"
4    android:versionCode="1"
5    android:versionName="1.0" >
6
7    <uses-sdk
8        android:minSdkVersion="23"
8-->src\main\AndroidManifest.xml
9        android:targetSdkVersion="32" />
9-->src\main\AndroidManifest.xml
10
11    <uses-permission android:name="android.permission.INTERNET" />
11-->src\main\AndroidManifest.xml:4:5-67
11-->src\main\AndroidManifest.xml:4:22-64
12
13    <permission
13-->[androidx.core:core:1.9.0] AndroidManifest.xml:22:5-24:47
14        android:name="com.nilscreation.ecommerce.DYNAMIC_RECEIVER_NOT_EXPORTED_PERMISSION"
14-->[androidx.core:core:1.9.0] AndroidManifest.xml:23:9-81
15        android:protectionLevel="signature" />
15-->[androidx.core:core:1.9.0] AndroidManifest.xml:24:9-44
16
17    <uses-permission android:name="com.nilscreation.ecommerce.DYNAMIC_RECEIVER_NOT_EXPORTED_PERMISSION" />
17-->[androidx.core:core:1.9.0] AndroidManifest.xml:26:5-97
17-->[androidx.core:core:1.9.0] AndroidManifest.xml:26:22-94
18
19    <application
19-->src\main\AndroidManifest.xml:6:5-51:19
20        android:allowBackup="true"
20-->src\main\AndroidManifest.xml:7:9-35
21        android:appComponentFactory="androidx.core.app.CoreComponentFactory"
21-->[androidx.core:core:1.9.0] AndroidManifest.xml:28:18-86
22        android:debuggable="true"
23        android:extractNativeLibs="false"
24        android:icon="@mipmap/ic_launcher"
24-->src\main\AndroidManifest.xml:8:9-43
25        android:label="@string/app_name"
25-->src\main\AndroidManifest.xml:9:9-41
26        android:roundIcon="@mipmap/ic_launcher"
26-->src\main\AndroidManifest.xml:10:9-48
27        android:supportsRtl="true"
27-->src\main\AndroidManifest.xml:11:9-35
28        android:testOnly="true"
29        android:theme="@style/Theme.MovieList" >
29-->src\main\AndroidManifest.xml:12:9-47
30        <activity
30-->src\main\AndroidManifest.xml:13:9-15:40
31            android:name="com.nilscreation.ecommerce.PaymentActivity"
31-->src\main\AndroidManifest.xml:14:13-44
32            android:exported="false" />
32-->src\main\AndroidManifest.xml:15:13-37
33        <activity
33-->src\main\AndroidManifest.xml:16:9-18:40
34            android:name="com.nilscreation.ecommerce.CartActivity"
34-->src\main\AndroidManifest.xml:17:13-41
35            android:exported="false" />
35-->src\main\AndroidManifest.xml:18:13-37
36        <activity
36-->src\main\AndroidManifest.xml:19:9-21:40
37            android:name="com.nilscreation.ecommerce.DetailActivity"
37-->src\main\AndroidManifest.xml:20:13-43
38            android:exported="false" />
38-->src\main\AndroidManifest.xml:21:13-37
39        <activity
39-->src\main\AndroidManifest.xml:22:9-24:40
40            android:name="com.nilscreation.ecommerce.SignupActivity"
40-->src\main\AndroidManifest.xml:23:13-43
41            android:exported="false" />
41-->src\main\AndroidManifest.xml:24:13-37
42        <activity
42-->src\main\AndroidManifest.xml:25:9-27:40
43            android:name="com.nilscreation.ecommerce.LoginActivity"
43-->src\main\AndroidManifest.xml:26:13-42
44            android:exported="false" />
44-->src\main\AndroidManifest.xml:27:13-37
45        <activity
45-->src\main\AndroidManifest.xml:28:9-34:20
46            android:name="com.nilscreation.ecommerce.HomeActivity"
46-->src\main\AndroidManifest.xml:29:13-41
47            android:exported="false" >
47-->src\main\AndroidManifest.xml:30:13-37
48            <meta-data
48-->src\main\AndroidManifest.xml:31:13-33:36
49                android:name="android.app.lib_name"
49-->src\main\AndroidManifest.xml:32:17-52
50                android:value="" />
50-->src\main\AndroidManifest.xml:33:17-33
51        </activity>
52        <activity
52-->src\main\AndroidManifest.xml:35:9-43:20
53            android:name="com.nilscreation.ecommerce.SplashActivity"
53-->src\main\AndroidManifest.xml:36:13-43
54            android:exported="true" >
54-->src\main\AndroidManifest.xml:37:13-36
55            <intent-filter>
55-->src\main\AndroidManifest.xml:38:13-42:29
56                <action android:name="android.intent.action.MAIN" />
56-->src\main\AndroidManifest.xml:39:17-69
56-->src\main\AndroidManifest.xml:39:25-66
57
58                <category android:name="android.intent.category.LAUNCHER" />
58-->src\main\AndroidManifest.xml:41:17-77
58-->src\main\AndroidManifest.xml:41:27-74
59            </intent-filter>
60        </activity>
61
62        <meta-data
62-->src\main\AndroidManifest.xml:45:9-47:57
63            android:name="preloaded_fonts"
63-->src\main\AndroidManifest.xml:46:13-43
64            android:resource="@array/preloaded_fonts" />
64-->src\main\AndroidManifest.xml:47:13-54
65        <meta-data
65-->src\main\AndroidManifest.xml:48:9-50:54
66            android:name="com.google.firebase.messaging.default_notification_icon"
66-->src\main\AndroidManifest.xml:49:13-83
67            android:resource="@mipmap/ic_launcher" />
67-->src\main\AndroidManifest.xml:50:13-51
68
69        <provider
69-->[androidx.emoji2:emoji2:1.2.0] AndroidManifest.xml:24:9-32:20
70            android:name="androidx.startup.InitializationProvider"
70-->[androidx.emoji2:emoji2:1.2.0] AndroidManifest.xml:25:13-67
71            android:authorities="com.nilscreation.ecommerce.androidx-startup"
71-->[androidx.emoji2:emoji2:1.2.0] AndroidManifest.xml:26:13-68
72            android:exported="false" >
72-->[androidx.emoji2:emoji2:1.2.0] AndroidManifest.xml:27:13-37
73            <meta-data
73-->[androidx.emoji2:emoji2:1.2.0] AndroidManifest.xml:29:13-31:52
74                android:name="androidx.emoji2.text.EmojiCompatInitializer"
74-->[androidx.emoji2:emoji2:1.2.0] AndroidManifest.xml:30:17-75
75                android:value="androidx.startup" />
75-->[androidx.emoji2:emoji2:1.2.0] AndroidManifest.xml:31:17-49
76            <meta-data
76-->[androidx.lifecycle:lifecycle-process:2.4.1] AndroidManifest.xml:31:13-33:52
77                android:name="androidx.lifecycle.ProcessLifecycleInitializer"
77-->[androidx.lifecycle:lifecycle-process:2.4.1] AndroidManifest.xml:32:17-78
78                android:value="androidx.startup" />
78-->[androidx.lifecycle:lifecycle-process:2.4.1] AndroidManifest.xml:33:17-49
79        </provider>
80    </application>
81
82</manifest>